<?xml version="1.0" encoding="UTF-8"?>
<!-- Generated by org.testng.reporters.JUnitXMLReporter -->
<testsuite hostname="DESKTOP-Q4TAH8N" ignored="0" name="Test" tests="1" failures="0" timestamp="30 Jun 2018 07:12:28 GMT" time="0.101" errors="0">
  <testcase name="@BeforeSuite setUp" time="0.015" classname="com.mt.base.TestBase">
    <failure type="java.io.FileNotFoundException" message="C:\workspace\DataDrivenTesting\src	est\resources\properties\Config.properties (The filename, directory name, or volume label syntax is incorrect)">
      <![CDATA[java.io.FileNotFoundException: C:\workspace\DataDrivenTesting\src	est\resources\properties\Config.properties (The filename, directory name, or volume label syntax is incorrect)
	at java.io.FileInputStream.open0(Native Method)
	at java.io.FileInputStream.open(Unknown Source)
	at java.io.FileInputStream.<init>(Unknown Source)
	at java.io.FileInputStream.<init>(Unknown Source)
	at com.mt.base.TestBase.setUp(TestBase.java:27)
... Removed 19 stack frames]]>
    </failure>
  </testcase> <!-- @BeforeSuite setUp -->
  <testcase name="loginAsBankManager" time="0.001" classname="com.mt.testcases.LoginTest">
    <skipped/>
  </testcase> <!-- loginAsBankManager -->
</testsuite> <!-- Test -->
